0 info it worked if it ends with ok
1 verbose cli [ '/Users/alexpaterson/.nvm/versions/node/v6.2.1/bin/node',
1 verbose cli   '/Users/alexpaterson/.nvm/versions/node/v6.2.1/bin/npm',
1 verbose cli   'install',
1 verbose cli   '--save',
1 verbose cli   'react-loading-indicator-component' ]
2 info using npm@3.9.3
3 info using node@v6.2.1
4 silly loadCurrentTree Starting
5 silly install loadCurrentTree
6 silly install readLocalPackageData
7 silly fetchPackageMetaData react-loading-indicator-component
8 silly fetchNamedPackageData react-loading-indicator-component
9 silly mapToRegistry name react-loading-indicator-component
10 silly mapToRegistry using default registry
11 silly mapToRegistry registry https://registry.npmjs.org/
12 silly mapToRegistry data Result {
12 silly mapToRegistry   raw: 'react-loading-indicator-component',
12 silly mapToRegistry   scope: null,
12 silly mapToRegistry   name: 'react-loading-indicator-component',
12 silly mapToRegistry   rawSpec: '',
12 silly mapToRegistry   spec: 'latest',
12 silly mapToRegistry   type: 'tag' }
13 silly mapToRegistry uri https://registry.npmjs.org/react-loading-indicator-component
14 verbose request uri https://registry.npmjs.org/react-loading-indicator-component
15 verbose request no auth needed
16 info attempt registry request try #1 at 11:34:18 PM
17 verbose request using bearer token for auth
18 verbose request id cedb5e826be2b1a1
19 http request GET https://registry.npmjs.org/react-loading-indicator-component
20 http 200 https://registry.npmjs.org/react-loading-indicator-component
21 verbose headers { server: 'CouchDB/1.5.0 (Erlang OTP/R16B03)',
21 verbose headers   etag: '"4HC20BVM95Z8L313QZNXCBHGJ"',
21 verbose headers   'content-type': 'application/json',
21 verbose headers   'content-encoding': 'gzip',
21 verbose headers   'cache-control': 'max-age=300',
21 verbose headers   'transfer-encoding': 'chunked',
21 verbose headers   'accept-ranges': 'bytes',
21 verbose headers   date: 'Tue, 14 Jun 2016 15:34:21 GMT',
21 verbose headers   via: '1.1 varnish',
21 verbose headers   connection: 'keep-alive',
21 verbose headers   'x-served-by': 'cache-per7623-PER',
21 verbose headers   'x-cache': 'MISS',
21 verbose headers   'x-cache-hits': '0',
21 verbose headers   'x-timer': 'S1465918460.077522,VS0,VE1115',
21 verbose headers   vary: 'Accept-Encoding' }
22 silly get cb [ 200,
22 silly get   { server: 'CouchDB/1.5.0 (Erlang OTP/R16B03)',
22 silly get     etag: '"4HC20BVM95Z8L313QZNXCBHGJ"',
22 silly get     'content-type': 'application/json',
22 silly get     'content-encoding': 'gzip',
22 silly get     'cache-control': 'max-age=300',
22 silly get     'transfer-encoding': 'chunked',
22 silly get     'accept-ranges': 'bytes',
22 silly get     date: 'Tue, 14 Jun 2016 15:34:21 GMT',
22 silly get     via: '1.1 varnish',
22 silly get     connection: 'keep-alive',
22 silly get     'x-served-by': 'cache-per7623-PER',
22 silly get     'x-cache': 'MISS',
22 silly get     'x-cache-hits': '0',
22 silly get     'x-timer': 'S1465918460.077522,VS0,VE1115',
22 silly get     vary: 'Accept-Encoding' } ]
23 verbose get saving react-loading-indicator-component to /Users/alexpaterson/.npm/registry.npmjs.org/react-loading-indicator-component/.cache.json
24 verbose correctMkdir /Users/alexpaterson/.npm correctMkdir not in flight; initializing
25 silly install normalizeTree
26 silly loadCurrentTree Finishing
27 silly loadIdealTree Starting
28 silly install loadIdealTree
29 silly cloneCurrentTree Starting
30 silly install cloneCurrentTreeToIdealTree
31 silly cloneCurrentTree Finishing
32 silly loadShrinkwrap Starting
33 silly install loadShrinkwrap
34 silly loadShrinkwrap Finishing
35 silly loadAllDepsIntoIdealTree Starting
36 silly install loadAllDepsIntoIdealTree
37 silly rollbackFailedOptional Starting
38 silly rollbackFailedOptional Finishing
39 silly runTopLevelLifecycles Starting
40 silly runTopLevelLifecycles Finishing
41 silly install printInstalled
42 verbose stack Error: Refusing to install react-loading-indicator-component as a dependency of itself
42 verbose stack     at checkSelf (/Users/alexpaterson/.nvm/versions/node/v6.2.1/lib/node_modules/npm/lib/install/validate-args.js:53:14)
42 verbose stack     at Array.<anonymous> (/Users/alexpaterson/.nvm/versions/node/v6.2.1/lib/node_modules/npm/node_modules/slide/lib/bind-actor.js:15:8)
42 verbose stack     at LOOP (/Users/alexpaterson/.nvm/versions/node/v6.2.1/lib/node_modules/npm/node_modules/slide/lib/chain.js:15:14)
42 verbose stack     at chain (/Users/alexpaterson/.nvm/versions/node/v6.2.1/lib/node_modules/npm/node_modules/slide/lib/chain.js:20:5)
42 verbose stack     at /Users/alexpaterson/.nvm/versions/node/v6.2.1/lib/node_modules/npm/lib/install/validate-args.js:16:5
42 verbose stack     at /Users/alexpaterson/.nvm/versions/node/v6.2.1/lib/node_modules/npm/node_modules/slide/lib/async-map.js:52:35
42 verbose stack     at Array.forEach (native)
42 verbose stack     at /Users/alexpaterson/.nvm/versions/node/v6.2.1/lib/node_modules/npm/node_modules/slide/lib/async-map.js:52:11
42 verbose stack     at Array.forEach (native)
42 verbose stack     at asyncMap (/Users/alexpaterson/.nvm/versions/node/v6.2.1/lib/node_modules/npm/node_modules/slide/lib/async-map.js:51:8)
43 verbose cwd /Users/alexpaterson/Development/Projects/react-loading-indicator-component
44 error Darwin 15.5.0
45 error argv "/Users/alexpaterson/.nvm/versions/node/v6.2.1/bin/node" "/Users/alexpaterson/.nvm/versions/node/v6.2.1/bin/npm" "install" "--save" "react-loading-indicator-component"
46 error node v6.2.1
47 error npm  v3.9.3
48 error code ENOSELF
49 error Refusing to install react-loading-indicator-component as a dependency of itself
50 error If you need help, you may report this error at:
50 error     <https://github.com/npm/npm/issues>
51 verbose exit [ 1, true ]
